Using pre-set license
Built from '2022.3/staging' branch; Version is '2022.3.29f1 (8d510ca76d2b) revision 9261324'; Using compiler version '192829333'; Build Type 'Release'
OS: 'Windows 11  (10.0.22631) 64bit CoreSingleLanguage' Language: 'en' Physical Memory: 8006 MB
BatchMode: 1, IsHumanControllingUs: 0, StartBugReporterOnCrash: 0, Is64bit: 1, IsPro: 1

COMMAND LINE ARGUMENTS:
C:\Program Files\Unity\Hub\Editor\2022.3.29f1\Editor\Unity.exe
-adb2
-batchMode
-noUpm
-name
AssetImportWorker0
-projectPath
D:/WORKSPACE/STUDYING/Unity/TheConquerorGroup10/TheConquerorGroup10
-logFile
Logs/AssetImportWorker0.log
-srvPort
53017
Successfully changed project path to: D:/WORKSPACE/STUDYING/Unity/TheConquerorGroup10/TheConquerorGroup10
D:/WORKSPACE/STUDYING/Unity/TheConquerorGroup10/TheConquerorGroup10
[UnityMemory] Configuration Parameters - Can be set up in boot.config
    "memorysetup-bucket-allocator-granularity=16"
    "memorysetup-bucket-allocator-bucket-count=8"
    "memorysetup-bucket-allocator-block-size=33554432"
    "memorysetup-bucket-allocator-block-count=8"
    "memorysetup-main-allocator-block-size=16777216"
    "memorysetup-thread-allocator-block-size=16777216"
    "memorysetup-gfx-main-allocator-block-size=16777216"
    "memorysetup-gfx-thread-allocator-block-size=16777216"
    "memorysetup-cache-allocator-block-size=4194304"
    "memorysetup-typetree-allocator-block-size=2097152"
    "memorysetup-profiler-bucket-allocator-granularity=16"
    "memorysetup-profiler-bucket-allocator-bucket-count=8"
    "memorysetup-profiler-bucket-allocator-block-size=33554432"
    "memorysetup-profiler-bucket-allocator-block-count=8"
    "memorysetup-profiler-allocator-block-size=16777216"
    "memorysetup-profiler-editor-allocator-block-size=1048576"
    "memorysetup-temp-allocator-size-main=16777216"
    "memorysetup-job-temp-allocator-block-size=2097152"
    "memorysetup-job-temp-allocator-block-size-background=1048576"
    "memorysetup-job-temp-allocator-reduction-small-platforms=262144"
    "memorysetup-allocator-temp-initial-block-size-main=262144"
    "memorysetup-allocator-temp-initial-block-size-worker=262144"
    "memorysetup-temp-allocator-size-background-worker=32768"
    "memorysetup-temp-allocator-size-job-worker=262144"
    "memorysetup-temp-allocator-size-preload-manager=33554432"
    "memorysetup-temp-allocator-size-nav-mesh-worker=65536"
    "memorysetup-temp-allocator-size-audio-worker=65536"
    "memorysetup-temp-allocator-size-cloud-worker=32768"
    "memorysetup-temp-allocator-size-gi-baking-worker=262144"
    "memorysetup-temp-allocator-size-gfx=262144"
Player connection [22252] Host "[IP] 192.168.88.54 [Port] 0 [Flags] 2 [Guid] 3701604948 [EditorId] 3701604948 [Version] 1048832 [Id] WindowsEditor(7,DESKTOP-5O54UIG) [Debug] 1 [PackageName] WindowsEditor [ProjectName] Editor" joined multi-casting on [225.0.0.222:54997]...

Player connection [22252] Host "[IP] 192.168.88.54 [Port] 0 [Flags] 2 [Guid] 3701604948 [EditorId] 3701604948 [Version] 1048832 [Id] WindowsEditor(7,DESKTOP-5O54UIG) [Debug] 1 [PackageName] WindowsEditor [ProjectName] Editor" joined alternative multi-casting on [225.0.0.222:34997]...

[Physics::Module] Initialized MultithreadedJobDispatcher with 7 workers.
Refreshing native plugins compatible for Editor in 33.56 ms, found 4 plugins.
Preloading 0 native plugins for Editor in 0.00 ms.
Initialize engine version: 2022.3.29f1 (8d510ca76d2b)
[Subsystems] Discovering subsystems at path C:/Program Files/Unity/Hub/Editor/2022.3.29f1/Editor/Data/Resources/UnitySubsystems
[Subsystems] Discovering subsystems at path D:/WORKSPACE/STUDYING/Unity/TheConquerorGroup10/TheConquerorGroup10/Assets
GfxDevice: creating device client; threaded=0; jobified=0
Direct3D:
    Version:  Direct3D 11.0 [level 11.1]
    Renderer: Intel(R) UHD Graphics 620 (ID=0x3ea0)
    Vendor:   Intel
    VRAM:     4003 MB
    Driver:   27.20.100.8681
Initialize mono
Mono path[0] = 'C:/Program Files/Unity/Hub/Editor/2022.3.29f1/Editor/Data/Managed'
Mono path[1] = 'C:/Program Files/Unity/Hub/Editor/2022.3.29f1/Editor/Data/MonoBleedingEdge/lib/mono/unityjit-win32'
Mono config path = 'C:/Program Files/Unity/Hub/Editor/2022.3.29f1/Editor/Data/MonoBleedingEdge/etc'
Using monoOptions --debugger-agent=transport=dt_socket,embedding=1,server=y,suspend=n,address=127.0.0.1:56292
Begin MonoManager ReloadAssembly
Registering precompiled unity dll's ...
Register platform support module: C:/Program Files/Unity/Hub/Editor/2022.3.29f1/Editor/Data/PlaybackEngines/WindowsStandaloneSupport/UnityEditor.WindowsStandalone.Extensions.dll
Registered in 0.011464 seconds.
- Loaded All Assemblies, in  0.803 seconds
Native extension for WindowsStandalone target not found
Mono: successfully reloaded assembly
- Finished resetting the current domain, in  0.625 seconds
Domain Reload Profiling: 1426ms
	BeginReloadAssembly (356ms)
		ExecutionOrderSort (0ms)
		DisableScriptedObjects (0ms)
		BackupInstance (0ms)
		ReleaseScriptingObjects (0ms)
		CreateAndSetChildDomain (2ms)
	RebuildCommonClasses (79ms)
	RebuildNativeTypeToScriptingClass (22ms)
	initialDomainReloadingComplete (99ms)
	LoadAllAssembliesAndSetupDomain (244ms)
		LoadAssemblies (340ms)
		RebuildTransferFunctionScriptingTraits (0ms)
		AnalyzeDomain (241ms)
			TypeCache.Refresh (237ms)
				TypeCache.ScanAssembly (206ms)
			ScanForSourceGeneratedMonoScriptInfo (1ms)
			ResolveRequiredComponents (1ms)
	FinalizeReload (626ms)
		ReleaseScriptCaches (0ms)
		RebuildScriptCaches (0ms)
		SetupLoadedEditorAssemblies (498ms)
			LogAssemblyErrors (0ms)
			InitializePlatformSupportModulesInManaged (14ms)
			SetLoadedEditorAssemblies (11ms)
			RefreshPlugins (0ms)
			BeforeProcessingInitializeOnLoad (4ms)
			ProcessInitializeOnLoadAttributes (390ms)
			ProcessInitializeOnLoadMethodAttributes (78ms)
			AfterProcessingInitializeOnLoad (0ms)
			EditorAssembliesLoaded (0ms)
		ExecutionOrderSort2 (0ms)
		AwakeInstancesAfterBackupRestoration (0ms)
========================================================================
Worker process is ready to serve import requests
Begin MonoManager ReloadAssembly
- Loaded All Assemblies, in  1.513 seconds
Refreshing native plugins compatible for Editor in 5.40 ms, found 4 plugins.
Native extension for WindowsStandalone target not found
Package Manager log level set to [2]
[Package Manager] Server::EnsureServerProcessIsRunning -- launch failed, reason: Unity was launched with the -noUpm command-line argument
[Package Manager] UpmClient::Send -- Unable to send message (not connected to UPM process).
[Package Manager] Cannot connect to Unity Package Manager local server
Mono: successfully reloaded assembly
- Finished resetting the current domain, in  1.350 seconds
Domain Reload Profiling: 2861ms
	BeginReloadAssembly (299ms)
		ExecutionOrderSort (0ms)
		DisableScriptedObjects (13ms)
		BackupInstance (0ms)
		ReleaseScriptingObjects (0ms)
		CreateAndSetChildDomain (42ms)
	RebuildCommonClasses (52ms)
	RebuildNativeTypeToScriptingClass (20ms)
	initialDomainReloadingComplete (96ms)
	LoadAllAssembliesAndSetupDomain (1044ms)
		LoadAssemblies (704ms)
		RebuildTransferFunctionScriptingTraits (0ms)
		AnalyzeDomain (505ms)
			TypeCache.Refresh (408ms)
				TypeCache.ScanAssembly (377ms)
			ScanForSourceGeneratedMonoScriptInfo (41ms)
			ResolveRequiredComponents (55ms)
	FinalizeReload (1351ms)
		ReleaseScriptCaches (0ms)
		RebuildScriptCaches (0ms)
		SetupLoadedEditorAssemblies (973ms)
			LogAssemblyErrors (0ms)
			InitializePlatformSupportModulesInManaged (13ms)
			SetLoadedEditorAssemblies (8ms)
			RefreshPlugins (0ms)
			BeforeProcessingInitializeOnLoad (118ms)
			ProcessInitializeOnLoadAttributes (620ms)
			ProcessInitializeOnLoadMethodAttributes (192ms)
			AfterProcessingInitializeOnLoad (22ms)
			EditorAssembliesLoaded (0ms)
		ExecutionOrderSort2 (0ms)
		AwakeInstancesAfterBackupRestoration (19ms)
Launched and connected shader compiler UnityShaderCompiler.exe after 0.07 seconds
Refreshing native plugins compatible for Editor in 4.67 ms, found 4 plugins.
Preloading 0 native plugins for Editor in 0.00 ms.
Unloading 4247 Unused Serialized files (Serialized files now loaded: 0)
Unloading 84 unused Assets / (318.2 KB). Loaded Objects now: 4703.
Memory consumption went from 150.1 MB to 149.8 MB.
Total: 4.851000 ms (FindLiveObjects: 0.431300 ms CreateObjectMapping: 0.427100 ms MarkObjects: 3.683100 ms  DeleteObjects: 0.308000 ms)

AssetImportParameters requested are different than current active one (requested -> active):
  custom:container-demuxer-ogg: 62fdf1f143b41e24485cea50d1cbac27 -> 
  custom:video-codec-MediaFoundation-h265: 746d11721c4dcdbdad8f713fa42b33f4 -> 
  custom:video-decoder-ogg-theora: a1e56fd34408186e4bbccfd4996cb3dc -> 
  custom:framework-win-MediaFoundation: 216162199b28c13a410421893ffa2e32 -> 
  custom:CustomObjectIndexerAttribute: 9a22284fe3817be447336de3de66b15e -> 
  custom:container-demuxer-webm: 4f35f7cbe854078d1ac9338744f61a02 -> 
  custom:container-muxer-webm: aa71ff27fc2769a1b78a27578f13a17b -> 
  custom:video-decoder-webm-vp8: 9c59270c3fd7afecdb556c50c9e8de78 -> 
  custom:SearchIndexIgnoredProperties: e643bd26f0fe6173181afceb89e7c659 -> 
  custom:AudioImporter_EditorPlatform: d09bf68614088b80899f8185d706f6e7 -> 
  custom:video-encoder-webm-vp8: eb34c28f22e8b96e1ab97ce403110664 -> 
  custom:audio-decoder-ogg-vorbis: bf7c407c2cedff20999df2af8eb42d56 -> 
  custom:audio-encoder-webm-vorbis: bf7c407c2cedff20999df2af8eb42d56 -> 
========================================================================
Received Import Request.
  Time since last request: 661986.058785 seconds.
  path: Assets/Fonts/Kaph-Regular SDF.asset
  artifactKey: Guid(15d06045a49e1b645915693f4cde9f5d) Importer(815301076,1909f56bfc062723c751e8b465ee728b)
Start importing Assets/Fonts/Kaph-Regular SDF.asset using Guid(15d06045a49e1b645915693f4cde9f5d) Importer(815301076,1909f56bfc062723c751e8b465ee728b)  -> (artifact id: 'a1ffacbb1028e41131326ba27da556b4') in 0.259999 seconds
Number of updated asset objects reloaded before import = 0
Number of asset objects unloaded after import = 6
========================================================================
Received Import Request.
  Time since last request: 58.302960 seconds.
  path: Assets/RuleTile/Mossy - TileSet_0.asset
  artifactKey: Guid(6eecfb0b92b8daf4795d1f1fc4b5c939) Importer(815301076,1909f56bfc062723c751e8b465ee728b)
Start importing Assets/RuleTile/Mossy - TileSet_0.asset using Guid(6eecfb0b92b8daf4795d1f1fc4b5c939) Importer(815301076,1909f56bfc062723c751e8b465ee728b)  -> (artifact id: '0c4b11621d3eb56b0909440d445d2629') in 0.050173 seconds
Number of updated asset objects reloaded before import = 0
Number of asset objects unloaded after import = 3
========================================================================
Received Import Request.
  Time since last request: 6.455128 seconds.
  path: Assets/RuleTile
  artifactKey: Guid(01f3c1cfe10e53d49a076485afbb8e5d) Importer(815301076,1909f56bfc062723c751e8b465ee728b)
Start importing Assets/RuleTile using Guid(01f3c1cfe10e53d49a076485afbb8e5d) Importer(815301076,1909f56bfc062723c751e8b465ee728b)  -> (artifact id: '01cfbb01d6123ff691d47a1642b33d04') in 0.000655 seconds
Number of updated asset objects reloaded before import = 0
Number of asset objects unloaded after import = 0
========================================================================
Received Import Request.
  Time since last request: 4.956546 seconds.
  path: Assets/RuleTile/DirtGrass.asset
  artifactKey: Guid(3842b865ae6f1244aad92c5f2bdfbc3a) Importer(815301076,1909f56bfc062723c751e8b465ee728b)
Start importing Assets/RuleTile/DirtGrass.asset using Guid(3842b865ae6f1244aad92c5f2bdfbc3a) Importer(815301076,1909f56bfc062723c751e8b465ee728b)  -> (artifact id: '312583d63746bf881c9b45ccbbb78a10') in 0.010449 seconds
Number of updated asset objects reloaded before import = 0
Number of asset objects unloaded after import = 1
========================================================================
Received Import Request.
  Time since last request: 13.418501 seconds.
  path: Assets/Scenes/Level1.unity
  artifactKey: Guid(3658d8fa59783314c97ba5fb16221cbc) Importer(815301076,1909f56bfc062723c751e8b465ee728b)
Start importing Assets/Scenes/Level1.unity using Guid(3658d8fa59783314c97ba5fb16221cbc) Importer(815301076,1909f56bfc062723c751e8b465ee728b)  -> (artifact id: '1ec096e834f381d95905ecf72b437da9') in 0.000845 seconds
Number of updated asset objects reloaded before import = 0
Number of asset objects unloaded after import = 0
========================================================================
Received Import Request.
  Time since last request: 41.500268 seconds.
  path: Assets/Sprites
  artifactKey: Guid(fd680fd8692aaef448357b555ff8333d) Importer(815301076,1909f56bfc062723c751e8b465ee728b)
Start importing Assets/Sprites using Guid(fd680fd8692aaef448357b555ff8333d) Importer(815301076,1909f56bfc062723c751e8b465ee728b)  -> (artifact id: '2621056c2ba55a486e152f0fff8b7486') in 0.000832 seconds
Number of updated asset objects reloaded before import = 0
Number of asset objects unloaded after import = 0
========================================================================
Received Import Request.
  Time since last request: 2.931154 seconds.
  path: Assets/Sprites/Background
  artifactKey: Guid(ff149deeccb91dc4985993a6635fac44) Importer(815301076,1909f56bfc062723c751e8b465ee728b)
Start importing Assets/Sprites/Background using Guid(ff149deeccb91dc4985993a6635fac44) Importer(815301076,1909f56bfc062723c751e8b465ee728b)  -> (artifact id: 'cc342f1888f8f784fe9c61ff3c35c786') in 0.008257 seconds
Number of updated asset objects reloaded before import = 0
Number of asset objects unloaded after import = 0
========================================================================
Received Import Request.
  Time since last request: 148.251100 seconds.
  path: Assets/Prefabs/Decorations
  artifactKey: Guid(c67a5fb88d2eb894d8afa1b80f090a5e) Importer(815301076,1909f56bfc062723c751e8b465ee728b)
Start importing Assets/Prefabs/Decorations using Guid(c67a5fb88d2eb894d8afa1b80f090a5e) Importer(815301076,1909f56bfc062723c751e8b465ee728b)  -> (artifact id: '3eb000397c2a580158c9b849e2de6e27') in 0.000989 seconds
Number of updated asset objects reloaded before import = 0
Number of asset objects unloaded after import = 0
========================================================================
Received Import Request.
  Time since last request: 74.446932 seconds.
  path: Assets/PsMaterials/BoxPsMtr.physicsMaterial2D
  artifactKey: Guid(d9f905691326ddc4ab3c2266ac403a05) Importer(815301076,1909f56bfc062723c751e8b465ee728b)
Start importing Assets/PsMaterials/BoxPsMtr.physicsMaterial2D using Guid(d9f905691326ddc4ab3c2266ac403a05) Importer(815301076,1909f56bfc062723c751e8b465ee728b)  -> (artifact id: 'cd07cd1ba0132b8081e91cee9a5b9fe6') in 0.001595 seconds
Number of updated asset objects reloaded before import = 0
Number of asset objects unloaded after import = 1
========================================================================
Received Import Request.
  Time since last request: 1.075542 seconds.
  path: Assets/PsMaterials/PlayerPsMtr.physicsMaterial2D
  artifactKey: Guid(e0d91875348a93f40955f3bf099c2d67) Importer(815301076,1909f56bfc062723c751e8b465ee728b)
Start importing Assets/PsMaterials/PlayerPsMtr.physicsMaterial2D using Guid(e0d91875348a93f40955f3bf099c2d67) Importer(815301076,1909f56bfc062723c751e8b465ee728b)  -> (artifact id: '5a2c1d6ae9fa9f0c48d5b3bdaa000542') in 0.001755 seconds
Number of updated asset objects reloaded before import = 0
Number of asset objects unloaded after import = 1
========================================================================
Received Import Request.
  Time since last request: 7.212932 seconds.
  path: Assets/Animator/Character
  artifactKey: Guid(57ecfbb2d55879d4bb53de75d0d43418) Importer(815301076,1909f56bfc062723c751e8b465ee728b)
Start importing Assets/Animator/Character using Guid(57ecfbb2d55879d4bb53de75d0d43418) Importer(815301076,1909f56bfc062723c751e8b465ee728b)  -> (artifact id: '62e69144991e7d738ecfc45d3882366f') in 0.001007 seconds
Number of updated asset objects reloaded before import = 0
Number of asset objects unloaded after import = 0
========================================================================
Received Import Request.
  Time since last request: 11.097129 seconds.
  path: Assets/Scripts/Audio
  artifactKey: Guid(b61b9e8f52d2c09418b171f6800693d2) Importer(815301076,1909f56bfc062723c751e8b465ee728b)
Start importing Assets/Scripts/Audio using Guid(b61b9e8f52d2c09418b171f6800693d2) Importer(815301076,1909f56bfc062723c751e8b465ee728b)  -> (artifact id: '2dc245362baf7c9a1fd127189ea2b886') in 0.001109 seconds
Number of updated asset objects reloaded before import = 0
Number of asset objects unloaded after import = 0
========================================================================
Received Import Request.
  Time since last request: 30.858183 seconds.
  path: Assets/PsMaterials
  artifactKey: Guid(8bea9d5081a58ca418a2f89a3e07ebcb) Importer(815301076,1909f56bfc062723c751e8b465ee728b)
Start importing Assets/PsMaterials using Guid(8bea9d5081a58ca418a2f89a3e07ebcb) Importer(815301076,1909f56bfc062723c751e8b465ee728b)  -> (artifact id: '1b31f11cd411774a7186c0888a245f2e') in 0.000709 seconds
Number of updated asset objects reloaded before import = 0
Number of asset objects unloaded after import = 0
========================================================================
Received Import Request.
  Time since last request: 987.459724 seconds.
  path: Assets/RuleTile/Mossy - TileSet_2.asset
  artifactKey: Guid(d84a0a1616d64794fa688650682df9dc) Importer(815301076,1909f56bfc062723c751e8b465ee728b)
Start importing Assets/RuleTile/Mossy - TileSet_2.asset using Guid(d84a0a1616d64794fa688650682df9dc) Importer(815301076,1909f56bfc062723c751e8b465ee728b)  -> (artifact id: '17cef6632b2b21559fc971d0bf892433') in 0.367667 seconds
Number of updated asset objects reloaded before import = 0
Number of asset objects unloaded after import = 3
========================================================================
Received Import Request.
  Time since last request: 661.705348 seconds.
  path: Assets/Animator
  artifactKey: Guid(10db9e3f18db01e4c9648bbb80283945) Importer(815301076,1909f56bfc062723c751e8b465ee728b)
Start importing Assets/Animator using Guid(10db9e3f18db01e4c9648bbb80283945) Importer(815301076,1909f56bfc062723c751e8b465ee728b)  -> (artifact id: 'db24ae98c458a59024ccafab76cdbf55') in 0.023177 seconds
Number of updated asset objects reloaded before import = 0
Number of asset objects unloaded after import = 0
